CRITICAL - 2023-01-19 12:26:37 --> Object of class stdClass could not be converted to string
in APPPATH\Views\usdtobtc.php on line 7.
 1 SYSTEMPATH\View\View.php(213): include()
 2 SYSTEMPATH\View\View.php(216): CodeIgniter\View\View->CodeIgniter\View\{closure}()
 3 SYSTEMPATH\Common.php(1177): CodeIgniter\View\View->render('usdtobtc', [], true)
 4 APPPATH\Controllers\Home.php(9): view('usdtobtc')
 5 SYSTEMPATH\CodeIgniter.php(934): App\Controllers\Home->index()
 6 SYSTEMPATH\CodeIgniter.php(499): CodeIgniter\CodeIgniter->runController(Object(App\Controllers\Home))
 7 SYSTEMPATH\CodeIgniter.php(368): CodeIgniter\CodeIgniter->handleRequest(null, Object(Config\Cache), false)
 8 FCPATH\index.php(67): CodeIgniter\CodeIgniter->run()
CRITICAL - 2023-01-19 12:27:18 --> Object of class stdClass could not be converted to string
in APPPATH\Views\usdtobtc.php on line 7.
 1 SYSTEMPATH\View\View.php(213): include()
 2 SYSTEMPATH\View\View.php(216): CodeIgniter\View\View->CodeIgniter\View\{closure}()
 3 SYSTEMPATH\Common.php(1177): CodeIgniter\View\View->render('usdtobtc', [], true)
 4 APPPATH\Controllers\Home.php(9): view('usdtobtc')
 5 SYSTEMPATH\CodeIgniter.php(934): App\Controllers\Home->index()
 6 SYSTEMPATH\CodeIgniter.php(499): CodeIgniter\CodeIgniter->runController(Object(App\Controllers\Home))
 7 SYSTEMPATH\CodeIgniter.php(368): CodeIgniter\CodeIgniter->handleRequest(null, Object(Config\Cache), false)
 8 FCPATH\index.php(67): CodeIgniter\CodeIgniter->run()
CRITICAL - 2023-01-19 12:31:14 --> Object of class stdClass could not be converted to string
in APPPATH\Views\usdtobtc.php on line 7.
 1 SYSTEMPATH\View\View.php(213): include()
 2 SYSTEMPATH\View\View.php(216): CodeIgniter\View\View->CodeIgniter\View\{closure}()
 3 SYSTEMPATH\Common.php(1177): CodeIgniter\View\View->render('usdtobtc', [], true)
 4 APPPATH\Controllers\Home.php(9): view('usdtobtc')
 5 SYSTEMPATH\CodeIgniter.php(934): App\Controllers\Home->index()
 6 SYSTEMPATH\CodeIgniter.php(499): CodeIgniter\CodeIgniter->runController(Object(App\Controllers\Home))
 7 SYSTEMPATH\CodeIgniter.php(368): CodeIgniter\CodeIgniter->handleRequest(null, Object(Config\Cache), false)
 8 FCPATH\index.php(67): CodeIgniter\CodeIgniter->run()
CRITICAL - 2023-01-19 12:31:53 --> Illegal string offset 'price'
in APPPATH\Views\usdtobtc.php on line 7.
 1 APPPATH\Views\usdtobtc.php(7): CodeIgniter\Debug\Exceptions->errorHandler(2, 'Illegal string offset \'price\'', 'APPPATH\\Views\\usdtobtc.php', 7, [...])
 2 SYSTEMPATH\View\View.php(213): include('APPPATH\\Views\\usdtobtc.php')
 3 SYSTEMPATH\View\View.php(216): CodeIgniter\View\View->CodeIgniter\View\{closure}()
 4 SYSTEMPATH\Common.php(1177): CodeIgniter\View\View->render('usdtobtc', [], true)
 5 APPPATH\Controllers\Home.php(9): view('usdtobtc')
 6 SYSTEMPATH\CodeIgniter.php(934): App\Controllers\Home->index()
 7 SYSTEMPATH\CodeIgniter.php(499): CodeIgniter\CodeIgniter->runController(Object(App\Controllers\Home))
 8 SYSTEMPATH\CodeIgniter.php(368): CodeIgniter\CodeIgniter->handleRequest(null, Object(Config\Cache), false)
 9 FCPATH\index.php(67): CodeIgniter\CodeIgniter->run()
CRITICAL - 2023-01-19 12:33:32 --> Use of undefined constant price - assumed 'price' (this will throw an Error in a future version of PHP)
in APPPATH\Views\usdtobtc.php on line 7.
 1 APPPATH\Views\usdtobtc.php(7): CodeIgniter\Debug\Exceptions->errorHandler(2, 'Use of undefined constant price - assumed \'price\' (this will throw an Error in a future version of PHP)', 'APPPATH\\Views\\usdtobtc.php', 7, [...])
 2 SYSTEMPATH\View\View.php(213): include('APPPATH\\Views\\usdtobtc.php')
 3 SYSTEMPATH\View\View.php(216): CodeIgniter\View\View->CodeIgniter\View\{closure}()
 4 SYSTEMPATH\Common.php(1177): CodeIgniter\View\View->render('usdtobtc', [], true)
 5 APPPATH\Controllers\Home.php(9): view('usdtobtc')
 6 SYSTEMPATH\CodeIgniter.php(934): App\Controllers\Home->index()
 7 SYSTEMPATH\CodeIgniter.php(499): CodeIgniter\CodeIgniter->runController(Object(App\Controllers\Home))
 8 SYSTEMPATH\CodeIgniter.php(368): CodeIgniter\CodeIgniter->handleRequest(null, Object(Config\Cache), false)
 9 FCPATH\index.php(67): CodeIgniter\CodeIgniter->run()
CRITICAL - 2023-01-19 12:33:41 --> Cannot use object of type stdClass as array
in APPPATH\Views\usdtobtc.php on line 7.
 1 SYSTEMPATH\View\View.php(213): include()
 2 SYSTEMPATH\View\View.php(216): CodeIgniter\View\View->CodeIgniter\View\{closure}()
 3 SYSTEMPATH\Common.php(1177): CodeIgniter\View\View->render('usdtobtc', [], true)
 4 APPPATH\Controllers\Home.php(9): view('usdtobtc')
 5 SYSTEMPATH\CodeIgniter.php(934): App\Controllers\Home->index()
 6 SYSTEMPATH\CodeIgniter.php(499): CodeIgniter\CodeIgniter->runController(Object(App\Controllers\Home))
 7 SYSTEMPATH\CodeIgniter.php(368): CodeIgniter\CodeIgniter->handleRequest(null, Object(Config\Cache), false)
 8 FCPATH\index.php(67): CodeIgniter\CodeIgniter->run()
CRITICAL - 2023-01-19 12:33:52 --> Illegal string offset 'price'
in APPPATH\Views\usdtobtc.php on line 7.
 1 APPPATH\Views\usdtobtc.php(7): CodeIgniter\Debug\Exceptions->errorHandler(2, 'Illegal string offset \'price\'', 'APPPATH\\Views\\usdtobtc.php', 7, [...])
 2 SYSTEMPATH\View\View.php(213): include('APPPATH\\Views\\usdtobtc.php')
 3 SYSTEMPATH\View\View.php(216): CodeIgniter\View\View->CodeIgniter\View\{closure}()
 4 SYSTEMPATH\Common.php(1177): CodeIgniter\View\View->render('usdtobtc', [], true)
 5 APPPATH\Controllers\Home.php(9): view('usdtobtc')
 6 SYSTEMPATH\CodeIgniter.php(934): App\Controllers\Home->index()
 7 SYSTEMPATH\CodeIgniter.php(499): CodeIgniter\CodeIgniter->runController(Object(App\Controllers\Home))
 8 SYSTEMPATH\CodeIgniter.php(368): CodeIgniter\CodeIgniter->handleRequest(null, Object(Config\Cache), false)
 9 FCPATH\index.php(67): CodeIgniter\CodeIgniter->run()
CRITICAL - 2023-01-19 12:34:02 --> Use of undefined constant price - assumed 'price' (this will throw an Error in a future version of PHP)
in APPPATH\Views\usdtobtc.php on line 7.
 1 APPPATH\Views\usdtobtc.php(7): CodeIgniter\Debug\Exceptions->errorHandler(2, 'Use of undefined constant price - assumed \'price\' (this will throw an Error in a future version of PHP)', 'APPPATH\\Views\\usdtobtc.php', 7, [...])
 2 SYSTEMPATH\View\View.php(213): include('APPPATH\\Views\\usdtobtc.php')
 3 SYSTEMPATH\View\View.php(216): CodeIgniter\View\View->CodeIgniter\View\{closure}()
 4 SYSTEMPATH\Common.php(1177): CodeIgniter\View\View->render('usdtobtc', [], true)
 5 APPPATH\Controllers\Home.php(9): view('usdtobtc')
 6 SYSTEMPATH\CodeIgniter.php(934): App\Controllers\Home->index()
 7 SYSTEMPATH\CodeIgniter.php(499): CodeIgniter\CodeIgniter->runController(Object(App\Controllers\Home))
 8 SYSTEMPATH\CodeIgniter.php(368): CodeIgniter\CodeIgniter->handleRequest(null, Object(Config\Cache), false)
 9 FCPATH\index.php(67): CodeIgniter\CodeIgniter->run()
